<?xml version="1.0" encoding="UTF-8"?>
<testsuite name="com.leetcode.week5.RemoveKDigitTest" tests="1" skipped="0" failures="0" errors="0" timestamp="2023-12-27T09:22:33" hostname="DESKTOP-Q0HSLBF" time="0.046">
  <properties/>
  <testcase name="simpleTest()" classname="com.leetcode.week5.RemoveKDigitTest" time="0.046"/>
  <system-out><![CDATA[]]></system-out>
  <system-err><![CDATA[]]></system-err>
</testsuite>
